<?xml version="1.0" encoding="UTF-8"?>
<testng-results skipped="0" failed="0" ignored="0" total="2" passed="2">
  <reporter-output>
  </reporter-output>
  <suite name="Default suite" duration-ms="5908" started-at="2019-02-11T07:25:20Z" finished-at="2019-02-11T07:25:26Z">
    <groups>
    </groups>
    <test name="Default test" duration-ms="5908" started-at="2019-02-11T07:25:20Z" finished-at="2019-02-11T07:25:26Z">
      <class name="com.qa.test.GetAPITest">
        <test-method status="PASS" signature="setUp()[pri:0, instance:com.qa.test.GetAPITest@7dc7cbad]" name="setUp" is-config="true" duration-ms="24" started-at="2019-02-11T07:25:20Z" finished-at="2019-02-11T07:25:20Z">
          <reporter-output>
          </reporter-output>
        </test-method> <!-- setUp -->
        <test-method status="PASS" signature="getAPITestWithoutHeaders()[pri:1, instance:com.qa.test.GetAPITest@7dc7cbad]" name="getAPITestWithoutHeaders" duration-ms="4688" started-at="2019-02-11T07:25:20Z" finished-at="2019-02-11T07:25:25Z">
          <reporter-output>
          </reporter-output>
        </test-method> <!-- getAPITestWithoutHeaders -->
        <test-method status="PASS" signature="getAPITestWithHeaders()[pri:2, instance:com.qa.test.GetAPITest@7dc7cbad]" name="getAPITestWithHeaders" duration-ms="1090" started-at="2019-02-11T07:25:25Z" finished-at="2019-02-11T07:25:26Z">
          <reporter-output>
          </reporter-output>
        </test-method> <!-- getAPITestWithHeaders -->
        <test-method status="PASS" signature="setUp()[pri:0, instance:com.qa.test.GetAPITest@7dc7cbad]" name="setUp" is-config="true" duration-ms="0" started-at="2019-02-11T07:25:25Z" finished-at="2019-02-11T07:25:25Z">
          <reporter-output>
          </reporter-output>
        </test-method> <!-- setUp -->
      </class> <!-- com.qa.test.GetAPITest -->
    </test> <!-- Default test -->
  </suite> <!-- Default suite -->
</testng-results>
